<?xml version="1.0" encoding="UTF-8"?>
<!-- Generated by org.testng.reporters.JUnitReportReporter -->
<testsuite hostname="LT-910453" failures="0" tests="2" name="testsForMarket.ShopServiceTest" time="0.019" errors="0" timestamp="2020-09-19T18:55:04 CEST" skipped="0">
  <testcase classname="testsForMarket.ShopServiceTest" name="shouldSuccessfullyMakePurchase" time="0.017"/>
  <testcase classname="testsForMarket.ShopServiceTest" name="shouldCorrectlyDecreaseBalance" time="0.002"/>
</testsuite> <!-- testsForMarket.ShopServiceTest -->
