<?xml version="1.0" encoding="UTF-8"?>
<!-- Generated by org.testng.reporters.JUnitReportReporter -->
<testsuite hostname="LT-910453" failures="0" tests="2" name="Tests.ShopServiceTest" time="0.019" errors="0" timestamp="2020-09-19T16:47:49 CEST" skipped="0">
  <testcase classname="Tests.ShopServiceTest" name="shouldCorrectlyDecreaseBalance" time="0.018"/>
  <testcase classname="Tests.ShopServiceTest" name="shouldSuccessfullyMakePurchase" time="0.001"/>
</testsuite> <!-- Tests.ShopServiceTest -->
