<?xml version="1.0" encoding="UTF-8"?>
<!-- Generated by org.testng.reporters.JUnitReportReporter -->
<testsuite hostname="LT-910453" failures="0" tests="2" name="testsForMarket.ShopTest" time="0.018" errors="0" timestamp="2020-09-20T13:54:47 CEST" skipped="0">
  <testcase classname="testsForMarket.ShopTest" name="shouldSuccessfullyMakePurchase" time="0.016"/>
  <testcase classname="testsForMarket.ShopTest" name="shouldCorrectlyDecreaseBalance" time="0.002"/>
</testsuite> <!-- testsForMarket.ShopTest -->
